<?xml version="1.0" encoding="UTF-8"?>
<!-- Generated by org.testng.reporters.JUnitReportReporter -->
<testsuite hostname="Reka" failures="0" tests="1" name="login_Allure.LoginAllure" time="11.345" errors="0" timestamp="2024-08-01T22:48:22 CDT" skipped="0">
  <testcase classname="login_Allure.LoginAllure" name="loginWithBothCorrect" time="11.345"/>
  <system-out/>
</testsuite> <!-- login_Allure.LoginAllure -->
